<?xml version="1.0" encoding="UTF-8"?>
<!-- Generated by org.testng.reporters.JUnitXMLReporter -->
<testsuite hostname="DESKTOP-GUQUQJQ" ignored="0" name="Surefire test" tests="5" failures="0" timestamp="25 июн 2018 09:09:34 GMT" time="0.377" errors="0">
  <testcase name="@BeforeClass getDriver" time="0.0" classname="com.gmail.nemo31.nn.tests.BaseTest">
    <failure type="org.testng.TestNGException" message="
Parameter &amp;apos;browser&amp;apos; is required by BeforeClass on method getDriver but has not been marked @Optional or defined
">
      <![CDATA[org.testng.TestNGException: 
Parameter 'browser' is required by BeforeClass on method getDriver but has not been marked @Optional or defined

... Removed 27 stack frames]]>
    </failure>
  </testcase> <!-- @BeforeClass getDriver -->
  <testcase name="@BeforeClass initiliaze" time="0.0" classname="com.gmail.nemo31.nn.tests.CompareTest">
    <skipped/>
  </testcase> <!-- @BeforeClass initiliaze -->
  <testcase name="@AfterClass tearDown" time="0.0" classname="com.gmail.nemo31.nn.tests.BaseTest">
    <skipped/>
  </testcase> <!-- @AfterClass tearDown -->
  <testcase name="@BeforeClass getDriver" time="0.0" classname="com.gmail.nemo31.nn.tests.BaseTest">
    <failure type="org.testng.TestNGException" message="
Parameter &amp;apos;browser&amp;apos; is required by BeforeClass on method getDriver but has not been marked @Optional or defined
">
      <![CDATA[org.testng.TestNGException: 
Parameter 'browser' is required by BeforeClass on method getDriver but has not been marked @Optional or defined

... Removed 27 stack frames]]>
    </failure>
  </testcase> <!-- @BeforeClass getDriver -->
  <testcase name="@BeforeClass initiliaze" time="0.0" classname="com.gmail.nemo31.nn.tests.LoginTest">
    <skipped/>
  </testcase> <!-- @BeforeClass initiliaze -->
  <testcase name="@AfterClass tearDown" time="0.0" classname="com.gmail.nemo31.nn.tests.BaseTest">
    <skipped/>
  </testcase> <!-- @AfterClass tearDown -->
  <testcase name="@BeforeClass getDriver" time="0.0" classname="com.gmail.nemo31.nn.tests.BaseTest">
    <failure type="org.testng.TestNGException" message="
Parameter &amp;apos;browser&amp;apos; is required by BeforeClass on method getDriver but has not been marked @Optional or defined
">
      <![CDATA[org.testng.TestNGException: 
Parameter 'browser' is required by BeforeClass on method getDriver but has not been marked @Optional or defined

... Removed 27 stack frames]]>
    </failure>
  </testcase> <!-- @BeforeClass getDriver -->
  <testcase name="@BeforeClass initiliaze" time="0.0" classname="com.gmail.nemo31.nn.tests.LogoutTest">
    <skipped/>
  </testcase> <!-- @BeforeClass initiliaze -->
  <testcase name="@AfterClass tearDown" time="0.0" classname="com.gmail.nemo31.nn.tests.BaseTest">
    <skipped/>
  </testcase> <!-- @AfterClass tearDown -->
  <testcase name="@BeforeClass getDriver" time="0.0" classname="com.gmail.nemo31.nn.tests.BaseTest">
    <failure type="org.testng.TestNGException" message="
Parameter &amp;apos;browser&amp;apos; is required by BeforeClass on method getDriver but has not been marked @Optional or defined
">
      <![CDATA[org.testng.TestNGException: 
Parameter 'browser' is required by BeforeClass on method getDriver but has not been marked @Optional or defined

... Removed 27 stack frames]]>
    </failure>
  </testcase> <!-- @BeforeClass getDriver -->
  <testcase name="@BeforeClass initiliaze" time="0.0" classname="com.gmail.nemo31.nn.tests.NavigationTest">
    <skipped/>
  </testcase> <!-- @BeforeClass initiliaze -->
  <testcase name="@AfterClass tearDown" time="0.0" classname="com.gmail.nemo31.nn.tests.BaseTest">
    <skipped/>
  </testcase> <!-- @AfterClass tearDown -->
  <testcase name="@BeforeClass getDriver" time="0.0" classname="com.gmail.nemo31.nn.tests.BaseTest">
    <failure type="org.testng.TestNGException" message="
Parameter &amp;apos;browser&amp;apos; is required by BeforeClass on method getDriver but has not been marked @Optional or defined
">
      <![CDATA[org.testng.TestNGException: 
Parameter 'browser' is required by BeforeClass on method getDriver but has not been marked @Optional or defined

... Removed 27 stack frames]]>
    </failure>
  </testcase> <!-- @BeforeClass getDriver -->
  <testcase name="@BeforeClass initiliaze" time="0.0" classname="com.gmail.nemo31.nn.tests.LanguageChangingTest">
    <skipped/>
  </testcase> <!-- @BeforeClass initiliaze -->
  <testcase name="@AfterClass tearDown" time="0.0" classname="com.gmail.nemo31.nn.tests.BaseTest">
    <skipped/>
  </testcase> <!-- @AfterClass tearDown -->
  <testcase name="comparing" time="0.0" classname="com.gmail.nemo31.nn.tests.CompareTest">
    <skipped/>
  </testcase> <!-- comparing -->
  <testcase name="logining" time="0.0" classname="com.gmail.nemo31.nn.tests.LoginTest">
    <skipped/>
  </testcase> <!-- logining -->
  <testcase name="logout" time="0.0" classname="com.gmail.nemo31.nn.tests.LogoutTest">
    <skipped/>
  </testcase> <!-- logout -->
  <testcase name="navigationTest" time="0.0" classname="com.gmail.nemo31.nn.tests.NavigationTest">
    <skipped/>
  </testcase> <!-- navigationTest -->
  <testcase name="languageChanging" time="0.0" classname="com.gmail.nemo31.nn.tests.LanguageChangingTest">
    <skipped/>
  </testcase> <!-- languageChanging -->
</testsuite> <!-- Surefire test -->
